2017-03-15 22:18:35,406 [INFO ] [main] org.springframework.web.context.ContextLoader {ContextLoader.java:305} - Root WebApplicationContext: initialization started
2017-03-15 22:18:35,516 [INFO ] [main] org.springframework.web.context.support.XmlWebApplicationContext {AbstractApplicationContext.java:581} - Refreshing Root WebApplicationContext: startup date [Wed Mar 15 22:18:35 CST 2017]; root of context hierarchy
2017-03-15 22:18:35,565 [INFO ] [main] org.springframework.beans.factory.xml.XmlBeanDefinitionReader {XmlBeanDefinitionReader.java:317} - Loading XML bean definitions from ServletContext resource [/WEB-INF/applicationContext.xml]
2017-03-15 22:18:35,997 [INFO ] [main] org.springframework.beans.factory.config.PropertyPlaceholderConfigurer {PropertiesLoaderSupport.java:172} - Loading properties file from class path resource [resources.properties]
2017-03-15 22:18:36,011 [INFO ] [main] org.springframework.beans.factory.annotation.AutowiredAnnotationBeanPostProcessor {AutowiredAnnotationBeanPostProcessor.java:155} - JSR-330 'javax.inject.Inject' annotation found and supported for autowiring
2017-03-15 22:18:36,343 [INFO ] [main] org.springframework.web.context.ContextLoader {ContextLoader.java:345} - Root WebApplicationContext: initialization completed in 933 ms
2017-03-15 22:18:36,439 [INFO ] [main] org.springframework.web.servlet.DispatcherServlet {FrameworkServlet.java:489} - FrameworkServlet 'springMVC': initialization started
2017-03-15 22:18:36,443 [INFO ] [main] org.springframework.web.context.support.XmlWebApplicationContext {AbstractApplicationContext.java:581} - Refreshing WebApplicationContext for namespace 'springMVC-servlet': startup date [Wed Mar 15 22:18:36 CST 2017]; parent: Root WebApplicationContext
2017-03-15 22:18:36,444 [INFO ] [main] org.springframework.beans.factory.xml.XmlBeanDefinitionReader {XmlBeanDefinitionReader.java:317} - Loading XML bean definitions from ServletContext resource [/WEB-INF/dispatcher-servlet.xml]
2017-03-15 22:18:36,695 [INFO ] [main] org.springframework.beans.factory.annotation.AutowiredAnnotationBeanPostProcessor {AutowiredAnnotationBeanPostProcessor.java:155} - JSR-330 'javax.inject.Inject' annotation found and supported for autowiring
2017-03-15 22:18:36,891 [INFO ] [main] org.springframework.web.servlet.mvc.method.annotation.RequestMappingHandlerMapping {AbstractHandlerMethodMapping.java:537} - Mapped "{[/getOne]}" onto public com.ykjava.modal.User com.ykjava.controller.HelloWorldController.getOne(int)
2017-03-15 22:18:36,892 [INFO ] [main] org.springframework.web.servlet.mvc.method.annotation.RequestMappingHandlerMapping {AbstractHandlerMethodMapping.java:537} - Mapped "{[/randomAddOne]}" onto public java.lang.String com.ykjava.controller.HelloWorldController.randomAddOne(java.lang.String,java.lang.Integer)
2017-03-15 22:18:36,893 [INFO ] [main] org.springframework.web.servlet.mvc.method.annotation.RequestMappingHandlerMapping {AbstractHandlerMethodMapping.java:537} - Mapped "{[/randomAddOne2]}" onto public java.lang.String com.ykjava.controller.HelloWorldController.randomAddOne2(java.lang.String,java.lang.Integer)
2017-03-15 22:18:36,893 [INFO ] [main] org.springframework.web.servlet.mvc.method.annotation.RequestMappingHandlerMapping {AbstractHandlerMethodMapping.java:537} - Mapped "{[/getAllUser]}" onto public java.util.List<com.ykjava.modal.User> com.ykjava.controller.HelloWorldController.getAllUser()
2017-03-15 22:18:36,894 [INFO ] [main] org.springframework.web.servlet.mvc.method.annotation.RequestMappingHandlerMapping {AbstractHandlerMethodMapping.java:537} - Mapped "{[/sayHw]}" onto public java.lang.String com.ykjava.controller.HelloWorldController.sayHw()
2017-03-15 22:18:36,895 [INFO ] [main] org.springframework.web.servlet.mvc.method.annotation.RequestMappingHandlerMapping {AbstractHandlerMethodMapping.java:537} - Mapped "{[/invokeService]}" onto public java.lang.String com.ykjava.controller.HelloWorldController.invokeService()
2017-03-15 22:18:37,281 [INFO ] [main] org.springframework.web.servlet.mvc.method.annotation.RequestMappingHandlerAdapter {RequestMappingHandlerAdapter.java:534} - Looking for @ControllerAdvice: WebApplicationContext for namespace 'springMVC-servlet': startup date [Wed Mar 15 22:18:36 CST 2017]; parent: Root WebApplicationContext
2017-03-15 22:18:37,348 [INFO ] [main] org.springframework.web.servlet.mvc.method.annotation.RequestMappingHandlerAdapter {RequestMappingHandlerAdapter.java:534} - Looking for @ControllerAdvice: WebApplicationContext for namespace 'springMVC-servlet': startup date [Wed Mar 15 22:18:36 CST 2017]; parent: Root WebApplicationContext
2017-03-15 22:18:37,490 [INFO ] [main] org.springframework.web.servlet.DispatcherServlet {FrameworkServlet.java:508} - FrameworkServlet 'springMVC': initialization completed in 1050 ms
2017-03-15 22:19:00,324 [INFO ] [qtp1791589252-19] com.ykjava.service.HelloWordService {HelloWordService.java:16} - invoke geneString...
2017-03-15 22:19:01,681 [INFO ] [qtp1791589252-17] com.ykjava.service.HelloWordService {HelloWordService.java:16} - invoke geneString...
2017-03-15 22:19:03,567 [INFO ] [qtp1791589252-18] com.ykjava.service.HelloWordService {HelloWordService.java:16} - invoke geneString...
